# JRE version: Java(TM) SE Runtime Environment (8.0_121-b13) (build 1.8.0_121-b13)
# Java VM: Java HotSpot(TM) 64-Bit Server VM (25.121-b13 mixed mode windows-amd64 compressed oops)
Heap:
 PSYoungGen      total 73216K, used 28173K [0x00000000eab00000, 0x00000000f0a80000, 0x0000000100000000)
  eden space 61952K, 27% used [0x00000000eab00000,0x00000000ebb8b398,0x00000000ee780000)
  from space 11264K, 99% used [0x00000000eff80000,0x00000000f0a78248,0x00000000f0a80000)
  to   space 9728K, 0% used [0x00000000ee780000,0x00000000ee780000,0x00000000ef100000)
 ParOldGen       total 34816K, used 6796K [0x00000000c0000000, 0x00000000c2200000, 0x00000000eab00000)
  object space 34816K, 19% used [0x00000000c0000000,0x00000000c06a3368,0x00000000c2200000)
 Metaspace       used 32067K, capacity 33188K, committed 33456K, reserved 1079296K
  class space    used 4160K, capacity 4405K, committed 4528K, reserved 1048576K
GC Heap History (10 events):
Event: 12.340 GC heap before
{Heap before GC invocations=5 (full 0):
 PSYoungGen      total 35328K, used 5357K [0x00000000eab00000, 0x00000000ef000000, 0x0000000100000000)
  eden space 32768K, 8% used [0x00000000eab00000,0x00000000eadc3548,0x00000000ecb00000)
  from space 2560K, 98% used [0x00000000ecd80000,0x00000000ecff8020,0x00000000ed000000)
  to   space 2560K, 0% used [0x00000000ecb00000,0x00000000ecb00000,0x00000000ecd80000)
 ParOldGen       total 44032K, used 11390K [0x00000000c0000000, 0x00000000c2b00000, 0x00000000eab00000)
  object space 44032K, 25% used [0x00000000c0000000,0x00000000c0b1f960,0x00000000c2b00000)
 Metaspace       used 20693K, capacity 21148K, committed 21296K, reserved 1069056K
  class space    used 2693K, capacity 2826K, committed 2864K, reserved 1048576K
Event: 12.618 GC heap after
Heap after GC invocations=5 (full 0):
 PSYoungGen      total 35328K, used 2544K [0x00000000eab00000, 0x00000000efd00000, 0x0000000100000000)
  eden space 32768K, 0% used [0x00000000eab00000,0x00000000eab00000,0x00000000ecb00000)
  from space 2560K, 99% used [0x00000000ecb00000,0x00000000ecd7c030,0x00000000ecd80000)
  to   space 9216K, 0% used [0x00000000ef400000,0x00000000ef400000,0x00000000efd00000)
 ParOldGen       total 44032K, used 11698K [0x00000000c0000000, 0x00000000c2b00000, 0x00000000eab00000)
  object space 44032K, 26% used [0x00000000c0000000,0x00000000c0b6ca10,0x00000000c2b00000)
 Metaspace       used 20693K, capacity 21148K, committed 21296K, reserved 1069056K
  class space    used 2693K, capacity 2826K, committed 2864K, reserved 1048576K
}
Event: 12.618 GC heap before
{Heap before GC invocations=6 (full 1):
 PSYoungGen      total 35328K, used 2544K [0x00000000eab00000, 0x00000000efd00000, 0x0000000100000000)
  eden space 32768K, 0% used [0x00000000eab00000,0x00000000eab00000,0x00000000ecb00000)
  from space 2560K, 99% used [0x00000000ecb00000,0x00000000ecd7c030,0x00000000ecd80000)
  to   space 9216K, 0% used [0x00000000ef400000,0x00000000ef400000,0x00000000efd00000)
 ParOldGen       total 44032K, used 11698K [0x00000000c0000000, 0x00000000c2b00000, 0x00000000eab00000)
  object space 44032K, 26% used [0x00000000c0000000,0x00000000c0b6ca10,0x00000000c2b00000)
 Metaspace       used 20693K, capacity 21148K, committed 21296K, reserved 1069056K
  class space    used 2693K, capacity 2826K, committed 2864K, reserved 1048576K
Event: 13.531 GC heap after
Heap after GC invocations=6 (full 1):
 PSYoungGen      total 35328K, used 0K [0x00000000eab00000, 0x00000000efd00000, 0x0000000100000000)
  eden space 32768K, 0% used [0x00000000eab00000,0x00000000eab00000,0x00000000ecb00000)
  from space 2560K, 0% used [0x00000000ecb00000,0x00000000ecb00000,0x00000000ecd80000)
  to   space 9216K, 0% used [0x00000000ef400000,0x00000000ef400000,0x00000000efd00000)
 ParOldGen       total 34816K, used 4521K [0x00000000c0000000, 0x00000000c2200000, 0x00000000eab00000)
  object space 34816K, 12% used [0x00000000c0000000,0x00000000c046a4f0,0x00000000c2200000)
 Metaspace       used 20693K, capacity 21148K, committed 21296K, reserved 1069056K
  class space    used 2693K, capacity 2826K, committed 2864K, reserved 1048576K
}
Event: 18.164 GC heap before
{Heap before GC invocations=7 (full 1):
 PSYoungGen      total 35328K, used 32768K [0x00000000eab00000, 0x00000000efd00000, 0x0000000100000000)
  eden space 32768K, 100% used [0x00000000eab00000,0x00000000ecb00000,0x00000000ecb00000)
  from space 2560K, 0% used [0x00000000ecb00000,0x00000000ecb00000,0x00000000ecd80000)
  to   space 9216K, 0% used [0x00000000ef400000,0x00000000ef400000,0x00000000efd00000)
 ParOldGen       total 34816K, used 4521K [0x00000000c0000000, 0x00000000c2200000, 0x00000000eab00000)
  object space 34816K, 12% used [0x00000000c0000000,0x00000000c046a4f0,0x00000000c2200000)
 Metaspace       used 23327K, capacity 23858K, committed 23984K, reserved 1071104K
  class space    used 3040K, capacity 3208K, committed 3248K, reserved 1048576K
Event: 18.375 GC heap after
Heap after GC invocations=7 (full 1):
 PSYoungGen      total 57344K, used 6378K [0x00000000eab00000, 0x00000000efa80000, 0x0000000100000000)
  eden space 50688K, 0% used [0x00000000eab00000,0x00000000eab00000,0x00000000edc80000)
  from space 6656K, 95% used [0x00000000ef400000,0x00000000efa3ab20,0x00000000efa80000)
  to   space 9728K, 0% used [0x00000000ee780000,0x00000000ee780000,0x00000000ef100000)
 ParOldGen       total 34816K, used 4529K [0x00000000c0000000, 0x00000000c2200000, 0x00000000eab00000)
  object space 34816K, 13% used [0x00000000c0000000,0x00000000c046c4f0,0x00000000c2200000)
 Metaspace       used 23327K, capacity 23858K, committed 23984K, reserved 1071104K
  class space    used 3040K, capacity 3208K, committed 3248K, reserved 1048576K
}
Event: 23.205 GC heap before
{Heap before GC invocations=8 (full 1):
 PSYoungGen      total 57344K, used 57066K [0x00000000eab00000, 0x00000000efa80000, 0x0000000100000000)
  eden space 50688K, 100% used [0x00000000eab00000,0x00000000edc80000,0x00000000edc80000)
  from space 6656K, 95% used [0x00000000ef400000,0x00000000efa3ab20,0x00000000efa80000)
  to   space 9728K, 0% used [0x00000000ee780000,0x00000000ee780000,0x00000000ef100000)
 ParOldGen       total 34816K, used 4529K [0x00000000c0000000, 0x00000000c2200000, 0x00000000eab00000)
  object space 34816K, 13% used [0x00000000c0000000,0x00000000c046c4f0,0x00000000c2200000)
 Metaspace       used 25984K, capacity 26612K, committed 26928K, reserved 1075200K
  class space    used 3390K, capacity 3554K, committed 3632K, reserved 1048576K
Event: 23.230 GC heap after
Heap after GC invocations=8 (full 1):
 PSYoungGen      total 71680K, used 9370K [0x00000000eab00000, 0x00000000f0a80000, 0x0000000100000000)
  eden space 61952K, 0% used [0x00000000eab00000,0x00000000eab00000,0x00000000ee780000)
  from space 9728K, 96% used [0x00000000ee780000,0x00000000ef0a6a48,0x00000000ef100000)
  to   space 11264K, 0% used [0x00000000eff80000,0x00000000eff80000,0x00000000f0a80000)
 ParOldGen       total 34816K, used 4537K [0x00000000c0000000, 0x00000000c2200000, 0x00000000eab00000)
  object space 34816K, 13% used [0x00000000c0000000,0x00000000c046e4f0,0x00000000c2200000)
 Metaspace       used 25984K, capacity 26612K, committed 26928K, reserved 1075200K
  class space    used 3390K, capacity 3554K, committed 3632K, reserved 1048576K
}
Event: 30.582 GC heap before
{Heap before GC invocations=9 (full 1):
 PSYoungGen      total 71680K, used 71322K [0x00000000eab00000, 0x00000000f0a80000, 0x0000000100000000)
  eden space 61952K, 100% used [0x00000000eab00000,0x00000000ee780000,0x00000000ee780000)
  from space 9728K, 96% used [0x00000000ee780000,0x00000000ef0a6a48,0x00000000ef100000)
  to   space 11264K, 0% used [0x00000000eff80000,0x00000000eff80000,0x00000000f0a80000)
 ParOldGen       total 34816K, used 4537K [0x00000000c0000000, 0x00000000c2200000, 0x00000000eab00000)
  object space 34816K, 13% used [0x00000000c0000000,0x00000000c046e4f0,0x00000000c2200000)
 Metaspace       used 30561K, capacity 31774K, committed 31920K, reserved 1079296K
  class space    used 3960K, capacity 4212K, committed 4272K, reserved 1048576K
Event: 30.766 GC heap after
Heap after GC invocations=9 (full 1):
 PSYoungGen      total 73216K, used 11232K [0x00000000eab00000, 0x00000000f0a80000, 0x0000000100000000)
  eden space 61952K, 0% used [0x00000000eab00000,0x00000000eab00000,0x00000000ee780000)
  from space 11264K, 99% used [0x00000000eff80000,0x00000000f0a78248,0x00000000f0a80000)
  to   space 9728K, 0% used [0x00000000ee780000,0x00000000ee780000,0x00000000ef100000)
 ParOldGen       total 34816K, used 6796K [0x00000000c0000000, 0x00000000c2200000, 0x00000000eab00000)
  object space 34816K, 19% used [0x00000000c0000000,0x00000000c06a3368,0x00000000c2200000)
 Metaspace       used 30561K, capacity 31774K, committed 31920K, reserved 1079296K
  class space    used 3960K, capacity 4212K, committed 4272K, reserved 1048576K
}

