# JRE version: Java(TM) SE Runtime Environment (8.0_121-b13) (build 1.8.0_121-b13)
# Java VM: Java HotSpot(TM) 64-Bit Server VM (25.121-b13 mixed mode windows-amd64 compressed oops)
Heap:
 PSYoungGen      total 72704K, used 15308K [0x00000000eab00000, 0x00000000f0400000, 0x0000000100000000)
  eden space 63488K, 10% used [0x00000000eab00000,0x00000000eb15da10,0x00000000ee900000)
  from space 9216K, 95% used [0x00000000efb00000,0x00000000f03956d0,0x00000000f0400000)
  to   space 7168K, 0% used [0x00000000ee900000,0x00000000ee900000,0x00000000ef000000)
 ParOldGen       total 32768K, used 15240K [0x00000000c0000000, 0x00000000c2000000, 0x00000000eab00000)
  object space 32768K, 46% used [0x00000000c0000000,0x00000000c0ee2060,0x00000000c2000000)
 Metaspace       used 31974K, capacity 33128K, committed 33456K, reserved 1079296K
  class space    used 4150K, capacity 4405K, committed 4528K, reserved 1048576K
GC Heap History (10 events):
Event: 11.158 GC heap before
{Heap before GC invocations=7 (full 0):
 PSYoungGen      total 38400K, used 14690K [0x00000000eab00000, 0x00000000ed800000, 0x0000000100000000)
  eden space 32256K, 28% used [0x00000000eab00000,0x00000000eb3dfa60,0x00000000eca80000)
  from space 6144K, 91% used [0x00000000ed100000,0x00000000ed679028,0x00000000ed700000)
  to   space 6656K, 0% used [0x00000000eca80000,0x00000000eca80000,0x00000000ed100000)
 ParOldGen       total 44032K, used 8375K [0x00000000c0000000, 0x00000000c2b00000, 0x00000000eab00000)
  object space 44032K, 19% used [0x00000000c0000000,0x00000000c082dd68,0x00000000c2b00000)
 Metaspace       used 20721K, capacity 21172K, committed 21296K, reserved 1067008K
  class space    used 2678K, capacity 2830K, committed 2864K, reserved 1048576K
Event: 11.416 GC heap after
Heap after GC invocations=7 (full 0):
 PSYoungGen      total 38912K, used 2999K [0x00000000eab00000, 0x00000000ef700000, 0x0000000100000000)
  eden space 32256K, 0% used [0x00000000eab00000,0x00000000eab00000,0x00000000eca80000)
  from space 6656K, 45% used [0x00000000eca80000,0x00000000ecd6dc60,0x00000000ed100000)
  to   space 6656K, 0% used [0x00000000ef080000,0x00000000ef080000,0x00000000ef700000)
 ParOldGen       total 44032K, used 9407K [0x00000000c0000000, 0x00000000c2b00000, 0x00000000eab00000)
  object space 44032K, 21% used [0x00000000c0000000,0x00000000c092fe20,0x00000000c2b00000)
 Metaspace       used 20721K, capacity 21172K, committed 21296K, reserved 1067008K
  class space    used 2678K, capacity 2830K, committed 2864K, reserved 1048576K
}
Event: 11.416 GC heap before
{Heap before GC invocations=8 (full 1):
 PSYoungGen      total 38912K, used 2999K [0x00000000eab00000, 0x00000000ef700000, 0x0000000100000000)
  eden space 32256K, 0% used [0x00000000eab00000,0x00000000eab00000,0x00000000eca80000)
  from space 6656K, 45% used [0x00000000eca80000,0x00000000ecd6dc60,0x00000000ed100000)
  to   space 6656K, 0% used [0x00000000ef080000,0x00000000ef080000,0x00000000ef700000)
 ParOldGen       total 44032K, used 9407K [0x00000000c0000000, 0x00000000c2b00000, 0x00000000eab00000)
  object space 44032K, 21% used [0x00000000c0000000,0x00000000c092fe20,0x00000000c2b00000)
 Metaspace       used 20721K, capacity 21172K, committed 21296K, reserved 1067008K
  class space    used 2678K, capacity 2830K, committed 2864K, reserved 1048576K
Event: 11.953 GC heap after
Heap after GC invocations=8 (full 1):
 PSYoungGen      total 38912K, used 0K [0x00000000eab00000, 0x00000000ef700000, 0x0000000100000000)
  eden space 32256K, 0% used [0x00000000eab00000,0x00000000eab00000,0x00000000eca80000)
  from space 6656K, 0% used [0x00000000eca80000,0x00000000eca80000,0x00000000ed100000)
  to   space 6656K, 0% used [0x00000000ef080000,0x00000000ef080000,0x00000000ef700000)
 ParOldGen       total 32768K, used 7459K [0x00000000c0000000, 0x00000000c2000000, 0x00000000eab00000)
  object space 32768K, 22% used [0x00000000c0000000,0x00000000c0748ec8,0x00000000c2000000)
 Metaspace       used 20721K, capacity 21172K, committed 21296K, reserved 1067008K
  class space    used 2678K, capacity 2830K, committed 2864K, reserved 1048576K
}
Event: 16.914 GC heap before
{Heap before GC invocations=9 (full 1):
 PSYoungGen      total 38912K, used 32248K [0x00000000eab00000, 0x00000000ef700000, 0x0000000100000000)
  eden space 32256K, 99% used [0x00000000eab00000,0x00000000eca7e190,0x00000000eca80000)
  from space 6656K, 0% used [0x00000000eca80000,0x00000000eca80000,0x00000000ed100000)
  to   space 6656K, 0% used [0x00000000ef080000,0x00000000ef080000,0x00000000ef700000)
 ParOldGen       total 32768K, used 7459K [0x00000000c0000000, 0x00000000c2000000, 0x00000000eab00000)
  object space 32768K, 22% used [0x00000000c0000000,0x00000000c0748ec8,0x00000000c2000000)
 Metaspace       used 23431K, capacity 23986K, committed 24240K, reserved 1071104K
  class space    used 3047K, capacity 3208K, committed 3248K, reserved 1048576K
Event: 17.111 GC heap after
Heap after GC invocations=9 (full 1):
 PSYoungGen      total 59904K, used 6485K [0x00000000eab00000, 0x00000000ef700000, 0x0000000100000000)
  eden space 53248K, 0% used [0x00000000eab00000,0x00000000eab00000,0x00000000edf00000)
  from space 6656K, 97% used [0x00000000ef080000,0x00000000ef6d57f0,0x00000000ef700000)
  to   space 7168K, 0% used [0x00000000ee900000,0x00000000ee900000,0x00000000ef000000)
 ParOldGen       total 32768K, used 7467K [0x00000000c0000000, 0x00000000c2000000, 0x00000000eab00000)
  object space 32768K, 22% used [0x00000000c0000000,0x00000000c074aec8,0x00000000c2000000)
 Metaspace       used 23431K, capacity 23986K, committed 24240K, reserved 1071104K
  class space    used 3047K, capacity 3208K, committed 3248K, reserved 1048576K
}
Event: 22.459 GC heap before
{Heap before GC invocations=10 (full 1):
 PSYoungGen      total 59904K, used 59733K [0x00000000eab00000, 0x00000000ef700000, 0x0000000100000000)
  eden space 53248K, 100% used [0x00000000eab00000,0x00000000edf00000,0x00000000edf00000)
  from space 6656K, 97% used [0x00000000ef080000,0x00000000ef6d57f0,0x00000000ef700000)
  to   space 7168K, 0% used [0x00000000ee900000,0x00000000ee900000,0x00000000ef000000)
 ParOldGen       total 32768K, used 7467K [0x00000000c0000000, 0x00000000c2000000, 0x00000000eab00000)
  object space 32768K, 22% used [0x00000000c0000000,0x00000000c074aec8,0x00000000c2000000)
 Metaspace       used 26359K, capacity 27156K, committed 27312K, reserved 1073152K
  class space    used 3433K, capacity 3637K, committed 3760K, reserved 1048576K
Event: 22.574 GC heap after
Heap after GC invocations=10 (full 1):
 PSYoungGen      total 70656K, used 7165K [0x00000000eab00000, 0x00000000f0400000, 0x0000000100000000)
  eden space 63488K, 0% used [0x00000000eab00000,0x00000000eab00000,0x00000000ee900000)
  from space 7168K, 99% used [0x00000000ee900000,0x00000000eefff620,0x00000000ef000000)
  to   space 9216K, 0% used [0x00000000efb00000,0x00000000efb00000,0x00000000f0400000)
 ParOldGen       total 32768K, used 10080K [0x00000000c0000000, 0x00000000c2000000, 0x00000000eab00000)
  object space 32768K, 30% used [0x00000000c0000000,0x00000000c09d8138,0x00000000c2000000)
 Metaspace       used 26359K, capacity 27156K, committed 27312K, reserved 1073152K
  class space    used 3433K, capacity 3637K, committed 3760K, reserved 1048576K
}
Event: 31.099 GC heap before
{Heap before GC invocations=11 (full 1):
 PSYoungGen      total 70656K, used 70653K [0x00000000eab00000, 0x00000000f0400000, 0x0000000100000000)
  eden space 63488K, 100% used [0x00000000eab00000,0x00000000ee900000,0x00000000ee900000)
  from space 7168K, 99% used [0x00000000ee900000,0x00000000eefff620,0x00000000ef000000)
  to   space 9216K, 0% used [0x00000000efb00000,0x00000000efb00000,0x00000000f0400000)
 ParOldGen       total 32768K, used 10080K [0x00000000c0000000, 0x00000000c2000000, 0x00000000eab00000)
  object space 32768K, 30% used [0x00000000c0000000,0x00000000c09d8138,0x00000000c2000000)
 Metaspace       used 30969K, capacity 32136K, committed 32432K, reserved 1077248K
  class space    used 4004K, capacity 4245K, committed 4272K, reserved 1048576K
Event: 31.129 GC heap after
Heap after GC invocations=11 (full 1):
 PSYoungGen      total 72704K, used 8789K [0x00000000eab00000, 0x00000000f0400000, 0x0000000100000000)
  eden space 63488K, 0% used [0x00000000eab00000,0x00000000eab00000,0x00000000ee900000)
  from space 9216K, 95% used [0x00000000efb00000,0x00000000f03956d0,0x00000000f0400000)
  to   space 7168K, 0% used [0x00000000ee900000,0x00000000ee900000,0x00000000ef000000)
 ParOldGen       total 32768K, used 15240K [0x00000000c0000000, 0x00000000c2000000, 0x00000000eab00000)
  object space 32768K, 46% used [0x00000000c0000000,0x00000000c0ee2060,0x00000000c2000000)
 Metaspace       used 30969K, capacity 32136K, committed 32432K, reserved 1077248K
  class space    used 4004K, capacity 4245K, committed 4272K, reserved 1048576K
}

